<?xml version="1.0" encoding="UTF-8"?>
<!-- Generated by org.testng.reporters.JUnitXMLReporter -->
<testsuite ignored="0" hostname="GhostOfSparta" failures="0" tests="5" name="OrangeHRM EndToEnd Test" time="122.173" errors="0" timestamp="2026-03-23T14:31:55 IST">
  <testcase classname="com.exam.orangehrm.tests.OrangeHRMTest" name="loginTest" time="31.898"/>
  <testcase classname="com.exam.orangehrm.tests.OrangeHRMTest" name="clickPimTest" time="20.024"/>
  <testcase classname="com.exam.orangehrm.tests.OrangeHRMTest" name="addEmployeeTest" time="26.589"/>
  <testcase classname="com.exam.orangehrm.tests.OrangeHRMTest" name="searchEmployeeTest" time="30.54"/>
  <testcase classname="com.exam.orangehrm.tests.OrangeHRMTest" name="logoutTest" time="11.124"/>
</testsuite> <!-- OrangeHRM EndToEnd Test -->
